#Build: Fabric Inserter 2022.1, Build 99559, Jul 12 00:20 2022
#Install: E:\PDS\pds\PDS_2022.1\bin
#Application name: cdt_ins.exe
#OS: Windows 10 10.0.26200
#Hostname: PC-20260214DQXF
Generated by Fabric Inserter (version 2022.1 build 99559) at Sun Mar 22 21:35:22 2026
*************************************************************************
*
*  Parsing design. Please be patient as this can take several minutes.
*
*************************************************************************
Compiling architecture definition.
Loading technology operator library.
Compiling technology operator library.
Compiling technology operator (valence) library.
Compiling file 'D:/Desktop/7/synthesize/test_ddr_syn.adf' successful.
Creating module hierarchy.
Collecting net information.
*************************************************************************
*
*  Design Parsing Done.
*
*************************************************************************
Read project 'D:/Desktop/7/synthesize/test_ddr_syn.fic' Successfully.
M_PROCESS_FINISH_STARTED

