#Build: Fabric Compiler 2022.1, Build 99559, Jul 12 00:20 2022
#Install: D:\PDS_2022.1\bin
#Application name: pds_shell.exe
#OS: Windows 10 10.0.26200
#Hostname: 小春子の读书郎学习机
Generated by Fabric Compiler (version 2022.1 build 99559) at Sun Apr 12 15:49:12 2026
Compiling verification operator library.
Compiling common defs.
Compiling prim grid devices.
Compiling gate devices.
Compiling gate operators.
Building architecture model.
Loading device packaging model.
Reading design from DB.
Start Generating Programming File...
Reading design from DB takes 1.437500 sec.
Generating architecture configuration.
The bitstream file is "C:/Users/happuking/Desktop/666/generate_bitstream/test_ddr.sbit"
Generate programming file takes 10.265625 sec.
Generating Programming File done.
Action gen_bit_stream: Real time elapsed is 0h:0m:15s
Action gen_bit_stream: CPU time elapsed is 0h:0m:13s
Action gen_bit_stream: Process CPU time elapsed is 0h:0m:13s
Current time: Sun Apr 12 15:49:26 2026
Action gen_bit_stream: Peak memory pool usage is 765 MB
