#Build: Fabric Compiler 2022.1, Build 99559, Jul 12 00:20 2022
#Install: E:\PDS\pds\PDS_2022.1\bin
#Application name: pds_shell.exe
#OS: Windows 10 10.0.26200
#Hostname: PC-20260214DQXF
Generated by Fabric Compiler (version 2022.1 build 99559) at Tue Mar 17 19:48:23 2026
Compiling verification operator library.
Compiling common defs.
Compiling prim grid devices.
Compiling gate devices.
Compiling gate operators.
Building architecture model.
Loading device packaging model.
Reading design from DB.
Start Generating Programming File...
Reading design from DB takes 4.078125 sec.
Generating architecture configuration.
The bitstream file is "D:/Desktop/FPGA project/FPGA-Video-Capture-main/board_3_oneboard_design/generate_bitstream/test_ddr.sbit"
Generate programming file takes 25.781250 sec.
Generating Programming File done.
Action gen_bit_stream: Real time elapsed is 0h:0m:33s
Action gen_bit_stream: CPU time elapsed is 0h:0m:31s
Action gen_bit_stream: Process CPU time elapsed is 0h:0m:31s
Current time: Tue Mar 17 19:48:54 2026
Action gen_bit_stream: Peak memory pool usage is 830 MB
