#Build: Fabric Compiler 2022.1, Build 99559, Jul 12 00:20 2022
#Install: D:\PDS_2022.1\bin
#Application name: pds_shell.exe
#OS: Windows 10 10.0.26200
#Hostname: 小春子の读书郎学习机
Generated by Fabric Compiler (version 2022.1 build 99559) at Mon Apr  6 19:48:44 2026
Compiling verification operator library.
Compiling common defs.
Compiling prim grid devices.
Compiling gate devices.
Compiling gate operators.
Building architecture model.
Loading device packaging model.
Reading design from DB.
Start Generating Programming File...
Reading design from DB takes 4.281250 sec.
Generating architecture configuration.
The bitstream file is "C:/Users/happuking/Desktop/2/generate_bitstream/test_ddr.sbit"
Generate programming file takes 22.625000 sec.
Generating Programming File done.
Action gen_bit_stream: Real time elapsed is 0h:0m:29s
Action gen_bit_stream: CPU time elapsed is 0h:0m:26s
Action gen_bit_stream: Process CPU time elapsed is 0h:0m:26s
Current time: Mon Apr  6 19:49:11 2026
Action gen_bit_stream: Peak memory pool usage is 915 MB
